<?xml version="1.0" encoding="UTF-8" ?>
<testsuite tests="5" failures="2" name="runner.RunTest" time="79.096" errors="0" skipped="0">
  <properties>
[...]
</properties>
  <testcase classname="ETL Load Job" name="Adding a new customer" time="27.306"/>
  <testcase classname="ETL Load Job" name="Adding a new customer" time="16.15"/>
  <testcase classname="ETL Load Job" name="Adding a new customer" time="19.624"/>
  <testcase classname="ETL Load Job" name="Duplicate Entry" time="0.483">
    <failure type="java.lang.AssertionError">java.lang.AssertionError
	at org.junit.Assert.fail(Assert.java:86)
	at org.junit.Assert.assertTrue(Assert.java:41)
	at org.junit.Assert.assertTrue(Assert.java:52)
	at stepDefinition.Definition.addCustometerDW(Definition.java:157)
	at ✽.the customer is added to the data warehouse(feature/Outline.feature:20)
</failure>
    <system-out>
  @Fail
  Scenario: Duplicate Entry                           &amp;#27;[90m# feature/Outline.feature:16&amp;#27;[0m
This message will show up 2 times for each scenario using the @Fail tag
Begin load job
    &amp;#27;[32mGiven &amp;#27;[0m&amp;#27;[32ma customer load file&amp;#27;[0m                        &amp;#27;[90m# Definition.load()&amp;#27;[0m
Customer added to ZCITY
    &amp;#27;[32mWhen &amp;#27;[0m&amp;#27;[32ma customer is added&amp;#27;[0m                          &amp;#27;[90m# Definition.addCustomer()&amp;#27;[0m
1
    &amp;#27;[32mThen &amp;#27;[0m&amp;#27;[32mthe data warehouse is checked for duplicates&amp;#27;[0m &amp;#27;[90m# Definition.checkDuplicates()&amp;#27;[0m
DW already contains customer
    &amp;#27;[31mAnd &amp;#27;[0m&amp;#27;[31mthe customer is added to the data warehouse&amp;#27;[0m   &amp;#27;[90m# Definition.addCustometerDW()&amp;#27;[0m
      &amp;#27;[31mjava.lang.AssertionError
	at org.junit.Assert.fail(Assert.java:86)
	at org.junit.Assert.assertTrue(Assert.java:41)
	at org.junit.Assert.assertTrue(Assert.java:52)
	at stepDefinition.Definition.addCustometerDW(Definition.java:157)
	at ?.the customer is added to the data warehouse(feature/Outline.feature:20)
&amp;#27;[0m
</system-out>
  </testcase>
  <testcase classname="ETL Load Job" name="Data integrity" time="15.533">
    <failure type="java.lang.AssertionError">java.lang.AssertionError
	at org.junit.Assert.fail(Assert.java:86)
	at org.junit.Assert.assertTrue(Assert.java:41)
	at org.junit.Assert.assertTrue(Assert.java:52)
	at stepDefinition.Definition.checkIntegrity(Definition.java:207)
	at ✽.an integrity check is made between the two databases(feature/Outline.feature:27)
</failure>
    <system-out>
  @Fail
  Scenario: Data integrity                                   &amp;#27;[90m# feature/Outline.feature:23&amp;#27;[0m
This message will show up 2 times for each scenario using the @Fail tag
Begin ETL Process job
    &amp;#27;[32mGiven &amp;#27;[0m&amp;#27;[32man ETL Process job&amp;#27;[0m                                 &amp;#27;[90m# Definition.loadETLFile()&amp;#27;[0m
Customer added to Source
    &amp;#27;[32mWhen &amp;#27;[0m&amp;#27;[32ma purchase is added to the source&amp;#27;[0m                   &amp;#27;[90m# Definition.addPurchase()&amp;#27;[0m
Purchase added to Target
    &amp;#27;[32mThen &amp;#27;[0m&amp;#27;[32ma change occurs in the target&amp;#27;[0m                       &amp;#27;[90m# Definition.addTarget()&amp;#27;[0m
The comparison failed
    &amp;#27;[31mAnd &amp;#27;[0m&amp;#27;[31man integrity check is made between the two databases&amp;#27;[0m &amp;#27;[90m# Definition.checkIntegrity()&amp;#27;[0m
      &amp;#27;[31mjava.lang.AssertionError
	at org.junit.Assert.fail(Assert.java:86)
	at org.junit.Assert.assertTrue(Assert.java:41)
	at org.junit.Assert.assertTrue(Assert.java:52)
	at stepDefinition.Definition.checkIntegrity(Definition.java:207)
	at ?.an integrity check is made between the two databases(feature/Outline.feature:27)
&amp;#27;[0m
</system-out>
  </testcase>
</testsuite>